c:\users\mayso\desktop\thissemester\datastructures\lab_7\lab7\debug\vc142.pdb
c:\users\mayso\desktop\thissemester\datastructures\lab_7\lab7\debug\vc142.idb
c:\users\mayso\desktop\thissemester\datastructures\lab_7\lab7\debug\dllmain.obj
c:\users\mayso\desktop\thissemester\datastructures\lab_7\lab7\debug\lab7.obj
c:\users\mayso\desktop\thissemester\datastructures\lab_7\lab7\debug\lab7.lib
c:\users\mayso\desktop\thissemester\datastructures\lab_7\lab7\debug\lab7.exp
c:\users\mayso\desktop\thissemester\datastructures\lab_7\lab7\debug\lab7.dll
c:\users\mayso\desktop\thissemester\datastructures\lab_7\lab7\debug\lab7.ilk
c:\users\mayso\desktop\thissemester\datastructures\lab_7\lab7\debug\lab7.pdb
c:\users\mayso\desktop\thissemester\datastructures\lab_7\lab7\debug\lab7exe.ilk
c:\users\mayso\desktop\thissemester\datastructures\lab_7\lab7\debug\unittest1.ilk
c:\users\mayso\desktop\thissemester\datastructures\lab_7\lab7\debug\unittest1.exp
c:\users\mayso\desktop\thissemester\datastructures\lab_7\lab7\debug\lab7exe.pdb
c:\users\mayso\desktop\thissemester\datastructures\lab_7\lab7\debug\unittest1.pdb
c:\users\mayso\desktop\thissemester\datastructures\lab_7\lab7\debug\lab7.tlog\cl.command.1.tlog
c:\users\mayso\desktop\thissemester\datastructures\lab_7\lab7\debug\lab7.tlog\cl.read.1.tlog
c:\users\mayso\desktop\thissemester\datastructures\lab_7\lab7\debug\lab7.tlog\cl.write.1.tlog
c:\users\mayso\desktop\thissemester\datastructures\lab_7\lab7\debug\lab7.tlog\lab7.write.1u.tlog
c:\users\mayso\desktop\thissemester\datastructures\lab_7\lab7\debug\lab7.tlog\link.11488.delete.1.tlog
c:\users\mayso\desktop\thissemester\datastructures\lab_7\lab7\debug\lab7.tlog\link.1188.delete.1.tlog
c:\users\mayso\desktop\thissemester\datastructures\lab_7\lab7\debug\lab7.tlog\link.15124.delete.1.tlog
c:\users\mayso\desktop\thissemester\datastructures\lab_7\lab7\debug\lab7.tlog\link.15668.delete.1.tlog
c:\users\mayso\desktop\thissemester\datastructures\lab_7\lab7\debug\lab7.tlog\link.16164.delete.1.tlog
c:\users\mayso\desktop\thissemester\datastructures\lab_7\lab7\debug\lab7.tlog\link.16240.delete.1.tlog
c:\users\mayso\desktop\thissemester\datastructures\lab_7\lab7\debug\lab7.tlog\link.2064.delete.1.tlog
c:\users\mayso\desktop\thissemester\datastructures\lab_7\lab7\debug\lab7.tlog\link.3156.delete.1.tlog
c:\users\mayso\desktop\thissemester\datastructures\lab_7\lab7\debug\lab7.tlog\link.7408.delete.1.tlog
c:\users\mayso\desktop\thissemester\datastructures\lab_7\lab7\debug\lab7.tlog\link.7980.delete.1.tlog
c:\users\mayso\desktop\thissemester\datastructures\lab_7\lab7\debug\lab7.tlog\link.8212.delete.1.tlog
c:\users\mayso\desktop\thissemester\datastructures\lab_7\lab7\debug\lab7.tlog\link.8328.delete.1.tlog
c:\users\mayso\desktop\thissemester\datastructures\lab_7\lab7\debug\lab7.tlog\link.9476.delete.1.tlog
c:\users\mayso\desktop\thissemester\datastructures\lab_7\lab7\debug\lab7.tlog\link.command.1.tlog
c:\users\mayso\desktop\thissemester\datastructures\lab_7\lab7\debug\lab7.tlog\link.delete.1.tlog
c:\users\mayso\desktop\thissemester\datastructures\lab_7\lab7\debug\lab7.tlog\link.read.1.tlog
c:\users\mayso\desktop\thissemester\datastructures\lab_7\lab7\debug\lab7.tlog\link.write.1.tlog
